#
# A fatal error has been detected by the Java Runtime Environment:
#
#  EXCEPTION_ACCESS_VIOLATION (0xc0000005) at pc=0x7737331f, pid=1480, tid=7764
#
# JRE version: 6.0_20-b02
# Java VM: Java HotSpot(TM) Client VM (16.3-b01 mixed mode windows-x86 )
# Problematic frame:
# C  [ntdll.dll+0x3331f]
#
# If you would like to submit a bug report, please visit:
#   http://java.sun.com/webapps/bugreport/crash.jsp
# The crash happened outside the Java Virtual Machine in native code.
# See problematic frame for where to report the bug.
#

---------------  T H R E A D  ---------------

Current thread (0x001fa000):  JavaThread "main" [_thread_in_native, id=7764, stack(0x00200000,0x00250000)]

siginfo: ExceptionCode=0xc0000005, reading address 0x5976496e

Registers:
EAX=0x1fb7ff60, EBX=0x1fb66000, ECX=0x5976496a, EDX=0x96a9de17
ESP=0x0024e200, EBP=0x0024e228, ESI=0x1fb7ff58, EDI=0x001f0000
EIP=0x7737331f, EFLAGS=0x00010246

Top of Stack: (sp=0x0024e200)
0x0024e200:   001f0000 1fb7e070 00000000 06886221
0x0024e210:   cccccccc 1a1414d0 5976496a 1a068e90
0x0024e220:   0000077f 00003bf8 0024e320 773735a7
0x0024e230:   000007ff 1fb7ff58 0024e2f0 00000000
0x0024e240:   7ea2b989 00000000 001f0000 1fb7e078
0x0024e250:   00000000 00000000 001fa000 001faa14
0x0024e260:   0460de88 cccccccc 000045ac 7735f955
0x0024e270:   76f00ee2 001f0000 001f2fe8 00000000 

Instructions: (pc=0x7737331f)
0x7737330f:   85 90 70 05 00 8b 56 0c 8d 46 08 8b 08 89 4d f0
0x7737331f:   8b 49 04 89 55 f4 8b 12 3b d1 0f 85 19 54 00 00 


Stack: [0x00200000,0x00250000],  sp=0x0024e200,  free space=1380024db68k
Native frames: (J=compiled Java code, j=interpreted, Vv=VM code, C=native code)
C  [ntdll.dll+0x3331f]
C  [ntdll.dll+0x335a7]
C  [ntdll.dll+0x33492]
C  [kernel32.dll+0x114dd]
C  [msvcr71.dll+0x218a]
C  [net.dll+0x710e]
j  java.net.SocketInputStream.socketRead0(Ljava/io/FileDescriptor;[BIII)I+0
j  java.net.SocketInputStream.read([BII)I+84
j  java.io.BufferedInputStream.fill()V+175
J  java.io.BufferedInputStream.read1([BII)I
J  java.io.BufferedInputStream.read([BII)I
j  sun.net.www.http.ChunkedInputStream.readAheadBlocking()I+38
j  sun.net.www.http.ChunkedInputStream.readAhead(Z)I+36
j  sun.net.www.http.ChunkedInputStream.read([BII)I+80
j  java.io.FilterInputStream.read([BII)I+7
j  sun.net.www.protocol.http.HttpURLConnection$HttpInputStream.read([BII)I+4
j  java.io.BufferedInputStream.fill()V+175
J  java.io.BufferedInputStream.read()I
j  java.util.zip.CheckedInputStream.read()I+4
j  java.util.zip.GZIPInputStream.readUByte(Ljava/io/InputStream;)I+1
j  java.util.zip.GZIPInputStream.readUShort(Ljava/io/InputStream;)I+2
j  java.util.zip.GZIPInputStream.readHeader()V+25
j  java.util.zip.GZIPInputStream.<init>(Ljava/io/InputStream;I)V+45
j  java.util.zip.GZIPInputStream.<init>(Ljava/io/InputStream;)V+5
j  com.hp.ov.sm.client.common.soap.SCSOAPConnectionImpl.send(Ljavax/xml/soap/SOAPMessage;Ljava/net/URL;)Ljavax/xml/soap/SOAPMessage;+649
j  com.hp.ov.sm.client.common.soap.SCSOAPConnectionImpl.call(Ljavax/xml/soap/SOAPMessage;Ljava/lang/Object;)Ljavax/xml/soap/SOAPMessage;+99
j  com.hp.ov.sm.client.common.soap.BaseSoapClient.internalDoSoapTransact(Ljavax/xml/soap/SOAPMessage;)Ljavax/xml/soap/SOAPMessage;+51
j  com.hp.ov.sm.client.common.communications.SOAPClient.internalDoSoapTransact(Ljavax/xml/soap/SOAPMessage;)Ljavax/xml/soap/SOAPMessage;+16
j  com.hp.ov.sm.client.eclipse.user.controller.TopazClient.internalDoSoapTransact(Ljavax/xml/soap/SOAPMessage;)Ljavax/xml/soap/SOAPMessage;+2
j  com.hp.ov.sm.client.common.soap.SoapReq.run()V+80
j  com.hp.ov.sm.client.common.soap.BaseSoapClient.syncExecInCurrentThread(Lcom/hp/ov/sm/client/common/soap/SoapReq;)V+25
j  com.hp.ov.sm.client.common.soap.BaseSoapClient.queueRequest(Lcom/hp/ov/sm/client/common/soap/SoapReq;)V+9
j  com.hp.ov.sm.client.common.soap.SoapReq.queue(Lcom/hp/ov/sm/client/common/soap/ISoapTarget;Ljava/lang/Object;)V+34
j  com.hp.ov.sm.client.common.soap.BaseSoapClient.queueRequest(Ljava/lang/String;Lorg/jdom/Document;Ljava/util/List;Ljava/lang/Object;Lcom/hp/ov/sm/client/common/soap/ISoapTarget;)V+19
j  com.hp.ov.sm.client.eclipse.user.controller.Controller.sendExecute(Ljava/lang/String;)V+173
j  com.hp.ov.sm.client.eclipse.user.controller.Controller.modelChanged(Lcom/hp/ov/sm/client/eclipse/base/document/IModelChangedEvent;)V+289
j  com.hp.ov.sm.client.eclipse.base.document.XModel.fireModelChanged(Lcom/hp/ov/sm/client/eclipse/base/document/IModelChangedEvent;)V+34
j  com.hp.ov.sm.client.eclipse.base.document.XModel.fireModelObjectChanged(Ljava/lang/Object;Ljava/lang/String;Ljava/lang/Object;Ljava/lang/Object;)V+17
j  com.hp.ov.sm.client.eclipse.base.document.XModel.setValue(Ljava/lang/String;Ljava/lang/String;ZZ)V+50
j  com.hp.ov.sm.client.eclipse.base.document.XModel.setValue(Ljava/lang/String;Ljava/lang/String;Z)V+5
j  com.hp.ov.sm.client.eclipse.user.editors.format.OptionContribution$RunAction.run()V+14
j  org.eclipse.swt.widgets.RunnableLock.run()V+11
j  org.eclipse.swt.widgets.Synchronizer.runAsyncMessages(Z)Z+29
J  org.eclipse.swt.widgets.Display.readAndDispatch()Z
j  org.eclipse.ui.internal.Workbench.runEventLoop(Lorg/eclipse/jface/window/Window$IExceptionHandler;Lorg/eclipse/swt/widgets/Display;)V+9
j  org.eclipse.ui.internal.Workbench.runUI()I+225
j  org.eclipse.ui.internal.Workbench.createAndRunWorkbench(Lorg/eclipse/swt/widgets/Display;Lorg/eclipse/ui/application/WorkbenchAdvisor;)I+11
j  org.eclipse.ui.PlatformUI.createAndRunWorkbench(Lorg/eclipse/swt/widgets/Display;Lorg/eclipse/ui/application/WorkbenchAdvisor;)I+2
j  com.hp.ov.sm.client.eclipse.rcp.RcpClient.run(Ljava/lang/Object;)Ljava/lang/Object;+33
j  org.eclipse.core.internal.runtime.PlatformActivator$1.run(Ljava/lang/Object;)Ljava/lang/Object;+219
j  org.eclipse.core.runtime.internal.adaptor.EclipseAppLauncher.runApplication(Ljava/lang/Object;)Ljava/lang/Object;+103
j  org.eclipse.core.runtime.internal.adaptor.EclipseAppLauncher.start(Ljava/lang/Object;)Ljava/lang/Object;+29
j  org.eclipse.core.runtime.adaptor.EclipseStarter.run(Ljava/lang/Object;)Ljava/lang/Object;+135
j  org.eclipse.core.runtime.adaptor.EclipseStarter.run([Ljava/lang/String;Ljava/lang/Runnable;)Ljava/lang/Object;+60
v  ~StubRoutines::call_stub
V  [jvm.dll+0xf049c]
V  [jvm.dll+0x17fcf1]
V  [jvm.dll+0xf051d]
V  [jvm.dll+0x199ceb]
V  [jvm.dll+0x19a706]
V  [jvm.dll+0x11bc03]
C  [java.dll+0x714d]
j  sun.reflect.NativeMethodAccessorImpl.invoke(Ljava/lang/Object;[Ljava/lang/Object;)Ljava/lang/Object;+87
j  sun.reflect.DelegatingMethodAccessorImpl.invoke(Ljava/lang/Object;[Ljava/lang/Object;)Ljava/lang/Object;+6
j  java.lang.reflect.Method.invoke(Ljava/lang/Object;[Ljava/lang/Object;)Ljava/lang/Object;+161
j  org.eclipse.core.launcher.Main.invokeFramework([Ljava/lang/String;[Ljava/net/URL;)V+181
j  org.eclipse.core.launcher.Main.basicRun([Ljava/lang/String;)V+107
j  org.eclipse.core.launcher.Main.run([Ljava/lang/String;)I+4
j  org.eclipse.core.launcher.Main.main([Ljava/lang/String;)V+10
v  ~StubRoutines::call_stub
V  [jvm.dll+0xf049c]
V  [jvm.dll+0x17fcf1]
V  [jvm.dll+0xf051d]
V  [jvm.dll+0xf9bc5]
V  [jvm.dll+0x10181d]
C  [javaw.exe+0x2155]
C  [javaw.exe+0x8614]
C  [kernel32.dll+0x133aa]
C  [ntdll.dll+0x39ef2]
C  [ntdll.dll+0x39ec5]

Java frames: (J=compiled Java code, j=interpreted, Vv=VM code)
j  java.net.SocketInputStream.socketRead0(Ljava/io/FileDescriptor;[BIII)I+0
j  java.net.SocketInputStream.read([BII)I+84
j  java.io.BufferedInputStream.fill()V+175
J  java.io.BufferedInputStream.read1([BII)I
J  java.io.BufferedInputStream.read([BII)I
j  sun.net.www.http.ChunkedInputStream.readAheadBlocking()I+38
j  sun.net.www.http.ChunkedInputStream.readAhead(Z)I+36
j  sun.net.www.http.ChunkedInputStream.read([BII)I+80
j  java.io.FilterInputStream.read([BII)I+7
j  sun.net.www.protocol.http.HttpURLConnection$HttpInputStream.read([BII)I+4
j  java.io.BufferedInputStream.fill()V+175
J  java.io.BufferedInputStream.read()I
j  java.util.zip.CheckedInputStream.read()I+4
j  java.util.zip.GZIPInputStream.readUByte(Ljava/io/InputStream;)I+1
j  java.util.zip.GZIPInputStream.readUShort(Ljava/io/InputStream;)I+2
j  java.util.zip.GZIPInputStream.readHeader()V+25
j  java.util.zip.GZIPInputStream.<init>(Ljava/io/InputStream;I)V+45
j  java.util.zip.GZIPInputStream.<init>(Ljava/io/InputStream;)V+5
j  com.hp.ov.sm.client.common.soap.SCSOAPConnectionImpl.send(Ljavax/xml/soap/SOAPMessage;Ljava/net/URL;)Ljavax/xml/soap/SOAPMessage;+649
j  com.hp.ov.sm.client.common.soap.SCSOAPConnectionImpl.call(Ljavax/xml/soap/SOAPMessage;Ljava/lang/Object;)Ljavax/xml/soap/SOAPMessage;+99
j  com.hp.ov.sm.client.common.soap.BaseSoapClient.internalDoSoapTransact(Ljavax/xml/soap/SOAPMessage;)Ljavax/xml/soap/SOAPMessage;+51
j  com.hp.ov.sm.client.common.communications.SOAPClient.internalDoSoapTransact(Ljavax/xml/soap/SOAPMessage;)Ljavax/xml/soap/SOAPMessage;+16
j  com.hp.ov.sm.client.eclipse.user.controller.TopazClient.internalDoSoapTransact(Ljavax/xml/soap/SOAPMessage;)Ljavax/xml/soap/SOAPMessage;+2
j  com.hp.ov.sm.client.common.soap.SoapReq.run()V+80
j  com.hp.ov.sm.client.common.soap.BaseSoapClient.syncExecInCurrentThread(Lcom/hp/ov/sm/client/common/soap/SoapReq;)V+25
j  com.hp.ov.sm.client.common.soap.BaseSoapClient.queueRequest(Lcom/hp/ov/sm/client/common/soap/SoapReq;)V+9
j  com.hp.ov.sm.client.common.soap.SoapReq.queue(Lcom/hp/ov/sm/client/common/soap/ISoapTarget;Ljava/lang/Object;)V+34
j  com.hp.ov.sm.client.common.soap.BaseSoapClient.queueRequest(Ljava/lang/String;Lorg/jdom/Document;Ljava/util/List;Ljava/lang/Object;Lcom/hp/ov/sm/client/common/soap/ISoapTarget;)V+19
j  com.hp.ov.sm.client.eclipse.user.controller.Controller.sendExecute(Ljava/lang/String;)V+173
j  com.hp.ov.sm.client.eclipse.user.controller.Controller.modelChanged(Lcom/hp/ov/sm/client/eclipse/base/document/IModelChangedEvent;)V+289
j  com.hp.ov.sm.client.eclipse.base.document.XModel.fireModelChanged(Lcom/hp/ov/sm/client/eclipse/base/document/IModelChangedEvent;)V+34
j  com.hp.ov.sm.client.eclipse.base.document.XModel.fireModelObjectChanged(Ljava/lang/Object;Ljava/lang/String;Ljava/lang/Object;Ljava/lang/Object;)V+17
j  com.hp.ov.sm.client.eclipse.base.document.XModel.setValue(Ljava/lang/String;Ljava/lang/String;ZZ)V+50
j  com.hp.ov.sm.client.eclipse.base.document.XModel.setValue(Ljava/lang/String;Ljava/lang/String;Z)V+5
j  com.hp.ov.sm.client.eclipse.user.editors.format.OptionContribution$RunAction.run()V+14
j  org.eclipse.swt.widgets.RunnableLock.run()V+11
j  org.eclipse.swt.widgets.Synchronizer.runAsyncMessages(Z)Z+29
J  org.eclipse.swt.widgets.Display.readAndDispatch()Z
j  org.eclipse.ui.internal.Workbench.runEventLoop(Lorg/eclipse/jface/window/Window$IExceptionHandler;Lorg/eclipse/swt/widgets/Display;)V+9
j  org.eclipse.ui.internal.Workbench.runUI()I+225
j  org.eclipse.ui.internal.Workbench.createAndRunWorkbench(Lorg/eclipse/swt/widgets/Display;Lorg/eclipse/ui/application/WorkbenchAdvisor;)I+11
j  org.eclipse.ui.PlatformUI.createAndRunWorkbench(Lorg/eclipse/swt/widgets/Display;Lorg/eclipse/ui/application/WorkbenchAdvisor;)I+2
j  com.hp.ov.sm.client.eclipse.rcp.RcpClient.run(Ljava/lang/Object;)Ljava/lang/Object;+33
j  org.eclipse.core.internal.runtime.PlatformActivator$1.run(Ljava/lang/Object;)Ljava/lang/Object;+219
j  org.eclipse.core.runtime.internal.adaptor.EclipseAppLauncher.runApplication(Ljava/lang/Object;)Ljava/lang/Object;+103
j  org.eclipse.core.runtime.internal.adaptor.EclipseAppLauncher.start(Ljava/lang/Object;)Ljava/lang/Object;+29
j  org.eclipse.core.runtime.adaptor.EclipseStarter.run(Ljava/lang/Object;)Ljava/lang/Object;+135
j  org.eclipse.core.runtime.adaptor.EclipseStarter.run([Ljava/lang/String;Ljava/lang/Runnable;)Ljava/lang/Object;+60
v  ~StubRoutines::call_stub
j  sun.reflect.NativeMethodAccessorImpl.invoke0(Ljava/lang/reflect/Method;Ljava/lang/Object;[Ljava/lang/Object;)Ljava/lang/Object;+0
j  sun.reflect.NativeMethodAccessorImpl.invoke(Ljava/lang/Object;[Ljava/lang/Object;)Ljava/lang/Object;+87
j  sun.reflect.DelegatingMethodAccessorImpl.invoke(Ljava/lang/Object;[Ljava/lang/Object;)Ljava/lang/Object;+6
j  java.lang.reflect.Method.invoke(Ljava/lang/Object;[Ljava/lang/Object;)Ljava/lang/Object;+161
j  org.eclipse.core.launcher.Main.invokeFramework([Ljava/lang/String;[Ljava/net/URL;)V+181
j  org.eclipse.core.launcher.Main.basicRun([Ljava/lang/String;)V+107
j  org.eclipse.core.launcher.Main.run([Ljava/lang/String;)I+4
j  org.eclipse.core.launcher.Main.main([Ljava/lang/String;)V+10
v  ~StubRoutines::call_stub

---------------  P R O C E S S  ---------------

Java Threads: ( => current thread )
  0x1a0fcc00 JavaThread "Timer-6" [_thread_blocked, id=8340, stack(0x1cc20000,0x1cc70000)]
  0x1a0fc400 JavaThread "Timer-5" [_thread_blocked, id=5460, stack(0x1cb60000,0x1cbb0000)]
  0x1a0fc000 JavaThread "Timer-4" [_thread_blocked, id=10036, stack(0x1c9f0000,0x1ca40000)]
  0x1a0fb800 JavaThread "Timer-3" [_thread_blocked, id=8772, stack(0x1c820000,0x1c870000)]
  0x1a0fb400 JavaThread "Timer-2" daemon [_thread_blocked, id=10748, stack(0x1c760000,0x1c7b0000)]
  0x1a0fac00 JavaThread "ElementEventQueue.QProcessor-1" daemon [_thread_blocked, id=2188, stack(0x1c4a0000,0x1c4f0000)]
  0x19fc4400 JavaThread "Timer-1" [_thread_blocked, id=1440, stack(0x1d880000,0x1d8d0000)]
  0x1a184400 JavaThread "Worker-2" [_thread_blocked, id=7504, stack(0x1d760000,0x1d7b0000)]
  0x1a184000 JavaThread "Timer-0" daemon [_thread_blocked, id=5412, stack(0x1c330000,0x1c380000)]
  0x0052d800 JavaThread "DDEServer-HP_Service_Manager" daemon [_thread_in_native, id=1064, stack(0x1c2e0000,0x1c330000)]
  0x1a191400 JavaThread "Worker-1" [_thread_blocked, id=8364, stack(0x1a840000,0x1a890000)]
  0x19f19800 JavaThread "Worker-0" [_thread_blocked, id=7692, stack(0x1a6e0000,0x1a730000)]
  0x18896800 JavaThread "Start Level Event Dispatcher" daemon [_thread_blocked, id=10000, stack(0x19350000,0x193a0000)]
  0x18896000 JavaThread "Framework Event Dispatcher" daemon [_thread_blocked, id=10564, stack(0x19260000,0x192b0000)]
  0x18874c00 JavaThread "State Data Manager" daemon [_thread_blocked, id=10528, stack(0x191d0000,0x19220000)]
  0x18781000 JavaThread "Low Memory Detector" daemon [_thread_blocked, id=5584, stack(0x18b70000,0x18bc0000)]
  0x004f6000 JavaThread "CompilerThread0" daemon [_thread_blocked, id=10296, stack(0x18ae0000,0x18b30000)]
  0x004f5000 JavaThread "Attach Listener" daemon [_thread_blocked, id=10464, stack(0x18a50000,0x18aa0000)]
  0x004f2000 JavaThread "Signal Dispatcher" daemon [_thread_blocked, id=5644, stack(0x189c0000,0x18a10000)]
  0x004e5c00 JavaThread "Finalizer" daemon [_thread_blocked, id=10376, stack(0x18730000,0x18780000)]
  0x004e1000 JavaThread "Reference Handler" daemon [_thread_blocked, id=10912, stack(0x186a0000,0x186f0000)]
=>0x001fa000 JavaThread "main" [_thread_in_native, id=7764, stack(0x00200000,0x00250000)]

Other Threads:
  0x004dd000 VMThread [stack: 0x18610000,0x18660000] [id=764]
  0x1878d400 WatcherThread [stack: 0x18c00000,0x18c50000] [id=8844]

VM state:not at safepoint (normal execution)

VM Mutex/Monitor currently owned by a thread: None

Heap
 def new generation   total 7040K, used 1474K [0x044f0000, 0x04c90000, 0x09a40000)
  eden space 6272K,  19% used [0x044f0000, 0x04624238, 0x04b10000)
  from space 768K,  31% used [0x04b10000, 0x04b4c8a0, 0x04bd0000)
  to   space 768K,   0% used [0x04bd0000, 0x04bd0000, 0x04c90000)
 tenured generation   total 15464K, used 11708K [0x09a40000, 0x0a95a000, 0x144f0000)
   the space 15464K,  75% used [0x09a40000, 0x0a5af1d8, 0x0a5af200, 0x0a95a000)
 compacting perm gen  total 29952K, used 29766K [0x144f0000, 0x16230000, 0x184f0000)
   the space 29952K,  99% used [0x144f0000, 0x16201b48, 0x16201c00, 0x16230000)
No shared spaces configured.

Dynamic libraries:
0x00400000 - 0x00424000 	C:\Program Files (x86)\HP\Service Manager 9.30\Client_3\jre\bin\javaw.exe
0x77340000 - 0x774c0000 	C:\Windows\SysWOW64\ntdll.dll
0x75860000 - 0x75970000 	C:\Windows\syswow64\kernel32.dll
0x76ef0000 - 0x76f37000 	C:\Windows\syswow64\KERNELBASE.dll
0x76200000 - 0x762a0000 	C:\Windows\syswow64\ADVAPI32.dll
0x75be0000 - 0x75c8c000 	C:\Windows\syswow64\msvcrt.dll
0x76060000 - 0x76079000 	C:\Windows\SysWOW64\sechost.dll
0x75af0000 - 0x75be0000 	C:\Windows\syswow64\RPCRT4.dll
0x74ea0000 - 0x74f00000 	C:\Windows\syswow64\SspiCli.dll
0x74e90000 - 0x74e9c000 	C:\Windows\syswow64\CRYPTBASE.dll
0x75190000 - 0x75290000 	C:\Windows\syswow64\USER32.dll
0x75fd0000 - 0x76060000 	C:\Windows\syswow64\GDI32.dll
0x756c0000 - 0x756ca000 	C:\Windows\syswow64\LPK.dll
0x75700000 - 0x7579d000 	C:\Windows\syswow64\USP10.dll
0x75460000 - 0x754c0000 	C:\Windows\system32\IMM32.DLL
0x74f00000 - 0x74fcc000 	C:\Windows\syswow64\MSCTF.dll
0x7c340000 - 0x7c396000 	C:\Program Files (x86)\HP\Service Manager 9.30\Client_3\jre\bin\msvcr71.dll
0x6d800000 - 0x6da97000 	C:\Program Files (x86)\HP\Service Manager 9.30\Client_3\jre\bin\client\jvm.dll
0x701c0000 - 0x701f2000 	C:\Windows\system32\WINMM.dll
0x71b30000 - 0x71b7c000 	C:\Windows\system32\apphelp.dll
0x6d7b0000 - 0x6d7bc000 	C:\Program Files (x86)\HP\Service Manager 9.30\Client_3\jre\bin\verify.dll
0x6d330000 - 0x6d34f000 	C:\Program Files (x86)\HP\Service Manager 9.30\Client_3\jre\bin\java.dll
0x6d290000 - 0x6d298000 	C:\Program Files (x86)\HP\Service Manager 9.30\Client_3\jre\bin\hpi.dll
0x759d0000 - 0x759d5000 	C:\Windows\syswow64\PSAPI.DLL
0x6d7f0000 - 0x6d7ff000 	C:\Program Files (x86)\HP\Service Manager 9.30\Client_3\jre\bin\zip.dll
0x738b0000 - 0x738c6000 	C:\Windows\system32\CRYPTSP.dll
0x73870000 - 0x738ab000 	C:\Windows\system32\rsaenh.dll
0x73910000 - 0x73927000 	C:\Windows\system32\USERENV.dll
0x73900000 - 0x7390b000 	C:\Windows\system32\profapi.dll
0x6d610000 - 0x6d623000 	C:\Program Files (x86)\HP\Service Manager 9.30\Client_3\jre\bin\net.dll
0x75f90000 - 0x75fc5000 	C:\Windows\syswow64\WS2_32.dll
0x77310000 - 0x77316000 	C:\Windows\syswow64\NSI.dll
0x703d0000 - 0x7040c000 	C:\Windows\system32\mswsock.dll
0x718f0000 - 0x718f6000 	C:\Windows\System32\wship6.dll
0x6fff0000 - 0x70000000 	C:\Windows\system32\NLAapi.dll
0x6fcf0000 - 0x6fd00000 	C:\Windows\system32\napinsp.dll
0x6fcd0000 - 0x6fce2000 	C:\Windows\system32\pnrpnsp.dll
0x70380000 - 0x703c4000 	C:\Windows\system32\DNSAPI.dll
0x6fcc0000 - 0x6fcc8000 	C:\Windows\System32\winrnr.dll
0x70350000 - 0x70374000 	c:\Program Files (x86)\Common Files\Microsoft Shared\Windows Live\WLIDNSP.DLL
0x760a0000 - 0x760f7000 	C:\Windows\syswow64\SHLWAPI.dll
0x6fcb0000 - 0x6fcbd000 	C:\Windows\system32\wshbth.dll
0x71900000 - 0x71905000 	C:\Windows\System32\wshtcpip.dll
0x70330000 - 0x7034c000 	C:\Windows\system32\IPHLPAPI.DLL
0x718e0000 - 0x718e7000 	C:\Windows\system32\WINNSI.DLL
0x70320000 - 0x70326000 	C:\Windows\system32\rasadhlp.dll
0x702e0000 - 0x70318000 	C:\Windows\System32\fwpuclnt.dll
0x6d630000 - 0x6d639000 	C:\Program Files (x86)\HP\Service Manager 9.30\Client_3\jre\bin\nio.dll
0x197a0000 - 0x197f3000 	C:\Users\daizhen\ServiceManager\configuration\org.eclipse.osgi\bundles\160\1\.cp\swt-win32-3236.dll
0x75c90000 - 0x75dec000 	C:\Windows\syswow64\ole32.dll
0x74a20000 - 0x74bbe000 	C:\Windows\WinSxS\x86_microsoft.windows.common-controls_6595b64144ccf1df_6.0.7601.17514_none_41e6975e2bd6f2b2\COMCTL32.dll
0x759e0000 - 0x75a5b000 	C:\Windows\syswow64\comdlg32.dll
0x762a0000 - 0x76eea000 	C:\Windows\syswow64\SHELL32.dll
0x74fd0000 - 0x7505f000 	C:\Windows\syswow64\OLEAUT32.dll
0x76100000 - 0x761f5000 	C:\Windows\syswow64\WININET.dll
0x75320000 - 0x75457000 	C:\Windows\syswow64\urlmon.dll
0x75070000 - 0x7518e000 	C:\Windows\syswow64\CRYPT32.dll
0x75290000 - 0x7529c000 	C:\Windows\syswow64\MSASN1.dll
0x754c0000 - 0x756bf000 	C:\Windows\syswow64\iertutil.dll
0x40c90000 - 0x40cb1000 	C:\Windows\system32\MSVFW32.dll
0x6f720000 - 0x6f7a0000 	C:\Windows\system32\uxtheme.dll
0x6f6c0000 - 0x6f6d3000 	C:\Windows\system32\dwmapi.dll
0x66ed0000 - 0x66f06000 	c:\Program Files\WIDCOMM\Bluetooth Software\SysWOW64\BtMmHook.dll
0x74910000 - 0x7494c000 	C:\Windows\system32\oleacc.dll
0x70220000 - 0x7022e000 	C:\Windows\system32\RpcRtRemote.dll
0x757a0000 - 0x75823000 	C:\Windows\syswow64\CLBCatQ.DLL
0x6f670000 - 0x6f69e000 	C:\Windows\system32\mlang.dll
0x73cc0000 - 0x73cc5000 	C:\Windows\system32\msimg32.dll
0x6d320000 - 0x6d326000 	C:\Program Files (x86)\HP\Service Manager 9.30\Client_3\jre\bin\jaas_nt.dll
0x6d000000 - 0x6d14a000 	C:\Program Files (x86)\HP\Service Manager 9.30\Client_3\jre\bin\awt.dll
0x749c0000 - 0x74a11000 	C:\Windows\system32\WINSPOOL.DRV
0x1a890000 - 0x1a8c3000 	C:\Users\daizhen\Documents\Visual Studio 2008\Projects\SMDebugger.Msg\Debug\Debugger.Core.dll
0x1a8e0000 - 0x1aa03000 	C:\Windows\WinSxS\x86_microsoft.vc90.debugcrt_1fc8b3b9a1e18e3b_9.0.21022.8_none_96748342450f6aa2\MSVCR90D.dll
0x1aa10000 - 0x1aae6000 	C:\Windows\WinSxS\x86_microsoft.vc90.debugcrt_1fc8b3b9a1e18e3b_9.0.21022.8_none_96748342450f6aa2\MSVCP90D.dll
0x1abf0000 - 0x1ac07000 	C:\Windows\System32\corojdk11.dll
0x1b450000 - 0x1b462000 	C:\Windows\system32\JDDE.DLL

VM Arguments:
java_command: C:\Program Files (x86)\HP\Service Manager 9.30\Client_3\\startup.jar -os win32 -ws win32 -arch x86 -launcher C:\Program Files (x86)\HP\Service Manager 9.30\Client_3\\ServiceManager.exe -name ServiceManager -showsplash 600 -exitdata 1104_c0 -Dosgi.locking=java.io -vmargs  -Xmx256M -vm C:\Program Files (x86)\HP\Service Manager 9.30\Client_3\\jre\bin\javaw.exe -vmargs -jar C:\Program Files (x86)\HP\Service Manager 9.30\Client_3\\startup.jar
Launcher Type: SUN_STANDARD

Environment Variables:
JAVA_HOME=C:\Program Files (x86)\Java\jre6\bin
PATH=C:\app\daizhen\product\11.2.0\dbhome_1\bin;C:\app\daizhen\product\11.2.0\client_1\bin;C:\app\daizhen\product\11.2.0\client_1;C:\Program Files\Common Files\Microsoft Shared\Windows Live;c:\Program Files (x86)\Intel\iCLS Client\;c:\Program Files\Intel\iCLS Client\;C:\Program Files\RA2HP\;C:\Windows\system32;C:\Windows;C:\Windows\System32\Wbem;C:\Windows\System32\WindowsPowerShell\v1.0\;C:\Program Files\ActivIdentity\ActivClient\;C:\Program Files (x86)\ActivIdentity\ActivClient\;C:\Program Files\Intel\Intel(R) Management Engine Components\DAL;C:\Program Files\Intel\Intel(R) Management Engine Components\IPT;C:\Program Files (x86)\Intel\Intel(R) Management Engine Components\DAL;C:\Program Files (x86)\Intel\Intel(R) Management Engine Components\IPT;c:\Program Files (x86)\Microsoft SQL Server\90\Tools\binn\;C:\Program Files\Microsoft Network Monitor 3\;C:\Program Files (x86)\Java\jre6\bin;c:\Program Files\WIDCOMM\Bluetooth Software\;c:\Program Files\WIDCOMM\Bluetooth Software\syswow64;;C:\Program Files (x86)\Oracle\Instant Client\bin;C:\WinDDK;C:\Program Files\Microsoft\Web Platform Installer\;C:\Program Files (x86)\Microsoft ASP.NET\ASP.NET Web Pages\v1.0\;C:\Program Files (x86)\Windows Kits\8.0\Windows Performance Toolkit\;C:\Program Files\Microsoft SQL Server\110\Tools\Binn\;C:\Program Files\Common Files\Microsoft Shared\Windows Live
USERNAME=daizhen
OS=Windows_NT
PROCESSOR_IDENTIFIER=Intel64 Family 6 Model 58 Stepping 9, GenuineIntel



---------------  S Y S T E M  ---------------

OS: Windows 7 Build 7601 Service Pack 1

CPU:total 8 (8 cores per cpu, 2 threads per core) family 6 model 58 stepping 9, cmov, cx8, fxsr, mmx, sse, sse2, sse3, ssse3, sse4.1, sse4.2, popcnt, ht

Memory: 4k page, physical 8320712k(3096520k free), swap 16639568k(10157668k free)

vm_info: Java HotSpot(TM) Client VM (16.3-b01) for windows-x86 JRE (1.6.0_20-b02), built on Apr 12 2010 13:52:23 by "java_re" with MS VC++ 7.1 (VS2003)

time: Mon May 27 15:33:09 2013
elapsed time: 197 seconds

